<?xml version="1.0" encoding="UTF-8"?>
<testsuite name="ShoppingCartTest" tests="1" skipped="0" failures="0" errors="0" timestamp="2020-04-15T11:19:13" hostname="kumuds-MacBook-Pro.local" time="0.002">
  <properties/>
  <testcase name="GivenAnEmptyShoppingCart_When5ApplesOf$0Point99EachAreAdded_ThenTheCartTotalIs$4Point95" classname="ShoppingCartTest" time="0.002"/>
  <system-out><![CDATA[]]></system-out>
  <system-err><![CDATA[]]></system-err>
</testsuite>
