<?xml version="1.0" encoding="UTF-8"?>
<testsuite name="ShoppingCartTest" tests="1" skipped="0" failures="0" errors="0" timestamp="2020-04-16T07:44:27" hostname="kumuds-MacBook-Pro.local" time="0.01">
  <properties/>
  <testcase name="givenAnEmptyShoppingCart_When5ApplesOf$0Point99EachAreAdded_ThenTheCartTotalIs$4Point95" classname="ShoppingCartTest" time="0.01"/>
  <system-out><![CDATA[]]></system-out>
  <system-err><![CDATA[]]></system-err>
</testsuite>
